ActivityAndIntent_Example/app/build/intermediates/manifest_merge_blame_file/debug/manifest-merger-blame-debug-report.txt
1<?xml version="1.0" encoding="utf-8"?>
2<manifest xmlns:android="http://schemas.android.com/apk/res/android"
3    package="com.example.activityandintent_example"
4    android:versionCode="1"
5    android:versionName="1.0" >
6
7    <uses-sdk
8        android:minSdkVersion="21"
8-->src\main\AndroidManifest.xml
9        android:targetSdkVersion="31" />
9-->src\main\AndroidManifest.xml
10
11    <uses-permission android:name="android.permission.CALL_PHONE" />
11-->src\main\AndroidManifest.xml:4:5-68
11-->src\main\AndroidManifest.xml:4:22-66
12
13    <application
13-->src\main\AndroidManifest.xml:5:5-34:19
14        android:allowBackup="true"
14-->src\main\AndroidManifest.xml:6:9-35
15        android:appComponentFactory="androidx.core.app.CoreComponentFactory"
15-->[androidx.core:core:1.5.0] AndroidManifest.xml:24:18-86
16        android:debuggable="true"
17        android:icon="@mipmap/ic_launcher"
17-->src\main\AndroidManifest.xml:7:9-43
18        android:label="@string/app_name"
18-->src\main\AndroidManifest.xml:8:9-41
19        android:roundIcon="@mipmap/ic_launcher_round"
19-->src\main\AndroidManifest.xml:9:9-54
20        android:supportsRtl="true"
20-->src\main\AndroidManifest.xml:10:9-35
21        android:testOnly="true"
22        android:theme="@style/Theme.ActivityAndIntent_Example" >
22-->src\main\AndroidManifest.xml:11:9-63
23        <activity
23-->src\main\AndroidManifest.xml:12:9-14:39
24            android:name="com.example.activityandintent_example.ProcessActivity"
24-->src\main\AndroidManifest.xml:13:13-44
25            android:exported="true" />
25-->src\main\AndroidManifest.xml:14:13-36
26        <activity
26-->src\main\AndroidManifest.xml:15:9-17:39
27            android:name="com.example.activityandintent_example.ReceiveActivity"
27-->src\main\AndroidManifest.xml:16:13-44
28            android:exported="true" />
28-->src\main\AndroidManifest.xml:17:13-36
29        <activity
29-->src\main\AndroidManifest.xml:18:9-21:67
30            android:name="com.example.activityandintent_example.MainActivity3"
30-->src\main\AndroidManifest.xml:19:13-42
31            android:exported="true"
31-->src\main\AndroidManifest.xml:20:13-36
32            android:theme="@style/Theme.AppCompat.Light.Dialog" />
32-->src\main\AndroidManifest.xml:21:13-64
33        <activity
33-->src\main\AndroidManifest.xml:22:9-24:39
34            android:name="com.example.activityandintent_example.MainActivity2"
34-->src\main\AndroidManifest.xml:23:13-42
35            android:exported="true" />
35-->src\main\AndroidManifest.xml:24:13-36
36        <activity
36-->src\main\AndroidManifest.xml:25:9-33:20
37            android:name="com.example.activityandintent_example.MainActivity"
37-->src\main\AndroidManifest.xml:26:13-41
38            android:exported="true" >
38-->src\main\AndroidManifest.xml:27:13-36
39            <intent-filter>
39-->src\main\AndroidManifest.xml:28:13-32:29
40                <action android:name="android.intent.action.MAIN" />
40-->src\main\AndroidManifest.xml:29:17-69
40-->src\main\AndroidManifest.xml:29:25-66
41
42                <category android:name="android.intent.category.LAUNCHER" />
42-->src\main\AndroidManifest.xml:31:17-77
42-->src\main\AndroidManifest.xml:31:27-74
43            </intent-filter>
44        </activity>
45    </application>
46
47</manifest>